<?xml version="1.0" encoding="UTF-8"?>
<testsuites>
  <testsuite name="/var/www/webs/cloudio/drubase/web/modules/custom/baas_api/tests/phpunit.xml" tests="13" assertions="71" errors="0" failures="0" skipped="0" time="0.025548">
    <testsuite name="unit" tests="13" assertions="71" errors="0" failures="0" skipped="0" time="0.025548">
      <testsuite name="Drupal\Tests\baas_api\Unit\ApiResponseServiceTest" file="/var/www/webs/cloudio/drubase/web/modules/custom/baas_api/tests/src/Unit/ApiResponseServiceTest.php" tests="13" assertions="71" errors="0" failures="0" skipped="0" time="0.025548">
        <testcase name="testCreateSuccessResponse" file="/var/www/webs/cloudio/drubase/web/modules/custom/baas_api/tests/src/Unit/ApiResponseServiceTest.php" line="74" class="Drupal\Tests\baas_api\Unit\ApiResponseServiceTest" classname="Drupal.Tests.baas_api.Unit.ApiResponseServiceTest" assertions="7" time="0.017701"/>
        <testcase name="testCreateErrorResponse" file="/var/www/webs/cloudio/drubase/web/modules/custom/baas_api/tests/src/Unit/ApiResponseServiceTest.php" line="98" class="Drupal\Tests\baas_api\Unit\ApiResponseServiceTest" classname="Drupal.Tests.baas_api.Unit.ApiResponseServiceTest" assertions="7" time="0.001801"/>
        <testcase name="testCreateValidationErrorResponse" file="/var/www/webs/cloudio/drubase/web/modules/custom/baas_api/tests/src/Unit/ApiResponseServiceTest.php" line="126" class="Drupal\Tests\baas_api\Unit\ApiResponseServiceTest" classname="Drupal.Tests.baas_api.Unit.ApiResponseServiceTest" assertions="7" time="0.000516"/>
        <testcase name="testCreatePaginatedResponse" file="/var/www/webs/cloudio/drubase/web/modules/custom/baas_api/tests/src/Unit/ApiResponseServiceTest.php" line="151" class="Drupal\Tests\baas_api\Unit\ApiResponseServiceTest" classname="Drupal.Tests.baas_api.Unit.ApiResponseServiceTest" assertions="11" time="0.000608"/>
        <testcase name="testCreateNoContentResponse" file="/var/www/webs/cloudio/drubase/web/modules/custom/baas_api/tests/src/Unit/ApiResponseServiceTest.php" line="183" class="Drupal\Tests\baas_api\Unit\ApiResponseServiceTest" classname="Drupal.Tests.baas_api.Unit.ApiResponseServiceTest" assertions="6" time="0.000689"/>
        <testcase name="testCreateCreatedResponse" file="/var/www/webs/cloudio/drubase/web/modules/custom/baas_api/tests/src/Unit/ApiResponseServiceTest.php" line="205" class="Drupal\Tests\baas_api\Unit\ApiResponseServiceTest" classname="Drupal.Tests.baas_api.Unit.ApiResponseServiceTest" assertions="5" time="0.000447"/>
        <testcase name="testValidateJsonRequest" file="/var/www/webs/cloudio/drubase/web/modules/custom/baas_api/tests/src/Unit/ApiResponseServiceTest.php" line="226" class="Drupal\Tests\baas_api\Unit\ApiResponseServiceTest" classname="Drupal.Tests.baas_api.Unit.ApiResponseServiceTest" assertions="2" time="0.000375"/>
        <testcase name="testValidateInvalidJsonRequest" file="/var/www/webs/cloudio/drubase/web/modules/custom/baas_api/tests/src/Unit/ApiResponseServiceTest.php" line="244" class="Drupal\Tests\baas_api\Unit\ApiResponseServiceTest" classname="Drupal.Tests.baas_api.Unit.ApiResponseServiceTest" assertions="3" time="0.000376"/>
        <testcase name="testValidateMissingRequiredFields" file="/var/www/webs/cloudio/drubase/web/modules/custom/baas_api/tests/src/Unit/ApiResponseServiceTest.php" line="261" class="Drupal\Tests\baas_api\Unit\ApiResponseServiceTest" classname="Drupal.Tests.baas_api.Unit.ApiResponseServiceTest" assertions="4" time="0.000403"/>
        <testcase name="testValidateInvalidFields" file="/var/www/webs/cloudio/drubase/web/modules/custom/baas_api/tests/src/Unit/ApiResponseServiceTest.php" line="279" class="Drupal\Tests\baas_api\Unit\ApiResponseServiceTest" classname="Drupal.Tests.baas_api.Unit.ApiResponseServiceTest" assertions="4" time="0.000394"/>
        <testcase name="testBuildMeta" file="/var/www/webs/cloudio/drubase/web/modules/custom/baas_api/tests/src/Unit/ApiResponseServiceTest.php" line="297" class="Drupal\Tests\baas_api\Unit\ApiResponseServiceTest" classname="Drupal.Tests.baas_api.Unit.ApiResponseServiceTest" assertions="6" time="0.000476"/>
        <testcase name="testNormalizePagination" file="/var/www/webs/cloudio/drubase/web/modules/custom/baas_api/tests/src/Unit/ApiResponseServiceTest.php" line="320" class="Drupal\Tests\baas_api\Unit\ApiResponseServiceTest" classname="Drupal.Tests.baas_api.Unit.ApiResponseServiceTest" assertions="6" time="0.000430"/>
        <testcase name="testGenerateRequestId" file="/var/www/webs/cloudio/drubase/web/modules/custom/baas_api/tests/src/Unit/ApiResponseServiceTest.php" line="347" class="Drupal\Tests\baas_api\Unit\ApiResponseServiceTest" classname="Drupal.Tests.baas_api.Unit.ApiResponseServiceTest" assertions="3" time="0.001332"/>
      </testsuite>
    </testsuite>
  </testsuite>
</testsuites>
