##teamcity[testCount count='13' flowId='126']
##teamcity[testSuiteStarted name='/var/www/webs/cloudio/drubase/web/modules/custom/baas_api/tests/phpunit.xml' flowId='126']
##teamcity[testSuiteStarted name='unit' flowId='126']
##teamcity[testSuiteStarted name='Drupal\Tests\baas_api\Unit\ApiResponseServiceTest' locationHint='php_qn:///var/www/webs/cloudio/drubase/web/modules/custom/baas_api/tests/src/Unit/ApiResponseServiceTest.php::\Drupal\Tests\baas_api\Unit\ApiResponseServiceTest' flowId='126']
##teamcity[testStarted name='testCreateSuccessResponse' locationHint='php_qn:///var/www/webs/cloudio/drubase/web/modules/custom/baas_api/tests/src/Unit/ApiResponseServiceTest.php::\Drupal\Tests\baas_api\Unit\ApiResponseServiceTest::testCreateSuccessResponse' flowId='126']
##teamcity[testFinished name='testCreateSuccessResponse' duration='6' flowId='126']
##teamcity[testStarted name='testCreateErrorResponse' locationHint='php_qn:///var/www/webs/cloudio/drubase/web/modules/custom/baas_api/tests/src/Unit/ApiResponseServiceTest.php::\Drupal\Tests\baas_api\Unit\ApiResponseServiceTest::testCreateErrorResponse' flowId='126']
##teamcity[testFinished name='testCreateErrorResponse' duration='2' flowId='126']
##teamcity[testStarted name='testCreateValidationErrorResponse' locationHint='php_qn:///var/www/webs/cloudio/drubase/web/modules/custom/baas_api/tests/src/Unit/ApiResponseServiceTest.php::\Drupal\Tests\baas_api\Unit\ApiResponseServiceTest::testCreateValidationErrorResponse' flowId='126']
##teamcity[testFinished name='testCreateValidationErrorResponse' duration='0' flowId='126']
##teamcity[testStarted name='testCreatePaginatedResponse' locationHint='php_qn:///var/www/webs/cloudio/drubase/web/modules/custom/baas_api/tests/src/Unit/ApiResponseServiceTest.php::\Drupal\Tests\baas_api\Unit\ApiResponseServiceTest::testCreatePaginatedResponse' flowId='126']
##teamcity[testFinished name='testCreatePaginatedResponse' duration='0' flowId='126']
##teamcity[testStarted name='testCreateNoContentResponse' locationHint='php_qn:///var/www/webs/cloudio/drubase/web/modules/custom/baas_api/tests/src/Unit/ApiResponseServiceTest.php::\Drupal\Tests\baas_api\Unit\ApiResponseServiceTest::testCreateNoContentResponse' flowId='126']
##teamcity[testFinished name='testCreateNoContentResponse' duration='1' flowId='126']
##teamcity[testStarted name='testCreateCreatedResponse' locationHint='php_qn:///var/www/webs/cloudio/drubase/web/modules/custom/baas_api/tests/src/Unit/ApiResponseServiceTest.php::\Drupal\Tests\baas_api\Unit\ApiResponseServiceTest::testCreateCreatedResponse' flowId='126']
##teamcity[testFinished name='testCreateCreatedResponse' duration='0' flowId='126']
##teamcity[testStarted name='testValidateJsonRequest' locationHint='php_qn:///var/www/webs/cloudio/drubase/web/modules/custom/baas_api/tests/src/Unit/ApiResponseServiceTest.php::\Drupal\Tests\baas_api\Unit\ApiResponseServiceTest::testValidateJsonRequest' flowId='126']
##teamcity[testFinished name='testValidateJsonRequest' duration='0' flowId='126']
##teamcity[testStarted name='testValidateInvalidJsonRequest' locationHint='php_qn:///var/www/webs/cloudio/drubase/web/modules/custom/baas_api/tests/src/Unit/ApiResponseServiceTest.php::\Drupal\Tests\baas_api\Unit\ApiResponseServiceTest::testValidateInvalidJsonRequest' flowId='126']
##teamcity[testFinished name='testValidateInvalidJsonRequest' duration='0' flowId='126']
##teamcity[testStarted name='testValidateMissingRequiredFields' locationHint='php_qn:///var/www/webs/cloudio/drubase/web/modules/custom/baas_api/tests/src/Unit/ApiResponseServiceTest.php::\Drupal\Tests\baas_api\Unit\ApiResponseServiceTest::testValidateMissingRequiredFields' flowId='126']
##teamcity[testFinished name='testValidateMissingRequiredFields' duration='0' flowId='126']
##teamcity[testStarted name='testValidateInvalidFields' locationHint='php_qn:///var/www/webs/cloudio/drubase/web/modules/custom/baas_api/tests/src/Unit/ApiResponseServiceTest.php::\Drupal\Tests\baas_api\Unit\ApiResponseServiceTest::testValidateInvalidFields' flowId='126']
##teamcity[testFinished name='testValidateInvalidFields' duration='0' flowId='126']
##teamcity[testStarted name='testBuildMeta' locationHint='php_qn:///var/www/webs/cloudio/drubase/web/modules/custom/baas_api/tests/src/Unit/ApiResponseServiceTest.php::\Drupal\Tests\baas_api\Unit\ApiResponseServiceTest::testBuildMeta' flowId='126']
##teamcity[testFinished name='testBuildMeta' duration='0' flowId='126']
##teamcity[testStarted name='testNormalizePagination' locationHint='php_qn:///var/www/webs/cloudio/drubase/web/modules/custom/baas_api/tests/src/Unit/ApiResponseServiceTest.php::\Drupal\Tests\baas_api\Unit\ApiResponseServiceTest::testNormalizePagination' flowId='126']
##teamcity[testFinished name='testNormalizePagination' duration='0' flowId='126']
##teamcity[testStarted name='testGenerateRequestId' locationHint='php_qn:///var/www/webs/cloudio/drubase/web/modules/custom/baas_api/tests/src/Unit/ApiResponseServiceTest.php::\Drupal\Tests\baas_api\Unit\ApiResponseServiceTest::testGenerateRequestId' flowId='126']
##teamcity[testFinished name='testGenerateRequestId' duration='1' flowId='126']
##teamcity[testSuiteFinished name='Drupal\Tests\baas_api\Unit\ApiResponseServiceTest' flowId='126']
##teamcity[testSuiteFinished name='unit' flowId='126']
##teamcity[testSuiteFinished name='/var/www/webs/cloudio/drubase/web/modules/custom/baas_api/tests/phpunit.xml' flowId='126']
